{"/Users/irholladay/turing/4module/FE/API/API.js": {"path":"/Users/irholladay/turing/4module/FE/API/API.js","statementMap":{"0":{"start":{"line":1,"column":23},"end":{"line":100,"column":1}},"1":{"start":{"line":3,"column":4},"end":{"line":19,"column":26}},"2":{"start":{"line":18,"column":17},"end":{"line":18,"column":27}},"3":{"start":{"line":19,"column":17},"end":{"line":19,"column":25}},"4":{"start":{"line":23,"column":4},"end":{"line":41,"column":28}},"5":{"start":{"line":41,"column":17},"end":{"line":41,"column":27}},"6":{"start":{"line":45,"column":4},"end":{"line":71,"column":28}},"7":{"start":{"line":71,"column":17},"end":{"line":71,"column":27}},"8":{"start":{"line":75,"column":4},"end":{"line":98,"column":28}},"9":{"start":{"line":98,"column":17},"end":{"line":98,"column":27}}},"fnMap":{"0":{"name":"(anonymous_0)","decl":{"start":{"line":2,"column":2},"end":{"line":2,"column":3}},"loc":{"start":{"line":2,"column":14},"end":{"line":20,"column":3}},"line":2},"1":{"name":"(anonymous_1)","decl":{"start":{"line":18,"column":10},"end":{"line":18,"column":11}},"loc":{"start":{"line":18,"column":17},"end":{"line":18,"column":27}},"line":18},"2":{"name":"(anonymous_2)","decl":{"start":{"line":19,"column":10},"end":{"line":19,"column":11}},"loc":{"start":{"line":19,"column":17},"end":{"line":19,"column":25}},"line":19},"3":{"name":"(anonymous_3)","decl":{"start":{"line":22,"column":2},"end":{"line":22,"column":3}},"loc":{"start":{"line":22,"column":25},"end":{"line":42,"column":3}},"line":22},"4":{"name":"(anonymous_4)","decl":{"start":{"line":41,"column":10},"end":{"line":41,"column":11}},"loc":{"start":{"line":41,"column":17},"end":{"line":41,"column":27}},"line":41},"5":{"name":"(anonymous_5)","decl":{"start":{"line":44,"column":2},"end":{"line":44,"column":3}},"loc":{"start":{"line":44,"column":18},"end":{"line":72,"column":3}},"line":44},"6":{"name":"(anonymous_6)","decl":{"start":{"line":71,"column":10},"end":{"line":71,"column":11}},"loc":{"start":{"line":71,"column":17},"end":{"line":71,"column":27}},"line":71},"7":{"name":"(anonymous_7)","decl":{"start":{"line":74,"column":2},"end":{"line":74,"column":3}},"loc":{"start":{"line":74,"column":19},"end":{"line":99,"column":3}},"line":74},"8":{"name":"(anonymous_8)","decl":{"start":{"line":98,"column":10},"end":{"line":98,"column":11}},"loc":{"start":{"line":98,"column":17},"end":{"line":98,"column":27}},"line":98}},"branchMap":{},"s":{"0":1,"1":0,"2":0,"3":0,"4":0,"5":0,"6":0,"7":0,"8":0,"9":0},"f":{"0":0,"1":0,"2":0,"3":0,"4":0,"5":0,"6":0,"7":0,"8":0},"b":{},"_coverageSchema":"1a1c01bbd47fc00a2c39e90264f33305004495a9","hash":"a676cfd0a8fbb31216a2901cda99aa101df7ab14"}
,"/Users/irholladay/turing/4module/FE/components/AddTask.js": {"path":"/Users/irholladay/turing/4module/FE/components/AddTask.js","statementMap":{"0":{"start":{"line":8,"column":4},"end":{"line":8,"column":12}},"1":{"start":{"line":9,"column":4},"end":{"line":18,"column":5}},"2":{"start":{"line":21,"column":17},"end":{"line":29,"column":3}},"3":{"start":{"line":22,"column":4},"end":{"line":28,"column":5}},"4":{"start":{"line":23,"column":6},"end":{"line":23,"column":37}},"5":{"start":{"line":24,"column":6},"end":{"line":24,"column":28}},"6":{"start":{"line":25,"column":6},"end":{"line":25,"column":36}},"7":{"start":{"line":27,"column":6},"end":{"line":27,"column":22}},"8":{"start":{"line":31,"column":20},"end":{"line":42,"column":3}},"9":{"start":{"line":32,"column":4},"end":{"line":41,"column":6}},"10":{"start":{"line":44,"column":14},"end":{"line":54,"column":3}},"11":{"start":{"line":45,"column":4},"end":{"line":47,"column":5}},"12":{"start":{"line":46,"column":6},"end":{"line":46,"column":63}},"13":{"start":{"line":48,"column":4},"end":{"line":50,"column":5}},"14":{"start":{"line":49,"column":6},"end":{"line":49,"column":56}},"15":{"start":{"line":51,"column":4},"end":{"line":53,"column":5}},"16":{"start":{"line":52,"column":6},"end":{"line":52,"column":61}},"17":{"start":{"line":56,"column":17},"end":{"line":59,"column":3}},"18":{"start":{"line":57,"column":24},"end":{"line":57,"column":63}},"19":{"start":{"line":58,"column":4},"end":{"line":58,"column":40}},"20":{"start":{"line":61,"column":19},"end":{"line":64,"column":3}},"21":{"start":{"line":62,"column":24},"end":{"line":62,"column":63}},"22":{"start":{"line":63,"column":4},"end":{"line":63,"column":42}},"23":{"start":{"line":67,"column":4},"end":{"line":85,"column":6}},"24":{"start":{"line":69,"column":105},"end":{"line":69,"column":134}},"25":{"start":{"line":70,"column":96},"end":{"line":70,"column":129}},"26":{"start":{"line":74,"column":98},"end":{"line":74,"column":133}},"27":{"start":{"line":82,"column":64},"end":{"line":82,"column":83}},"28":{"start":{"line":89,"column":15},"end":{"line":103,"column":2}}},"fnMap":{"0":{"name":"(anonymous_0)","decl":{"start":{"line":7,"column":2},"end":{"line":7,"column":3}},"loc":{"start":{"line":7,"column":16},"end":{"line":19,"column":3}},"line":7},"1":{"name":"(anonymous_1)","decl":{"start":{"line":21,"column":17},"end":{"line":21,"column":18}},"loc":{"start":{"line":21,"column":23},"end":{"line":29,"column":3}},"line":21},"2":{"name":"(anonymous_2)","decl":{"start":{"line":31,"column":20},"end":{"line":31,"column":21}},"loc":{"start":{"line":31,"column":26},"end":{"line":42,"column":3}},"line":31},"3":{"name":"(anonymous_3)","decl":{"start":{"line":44,"column":14},"end":{"line":44,"column":15}},"loc":{"start":{"line":44,"column":20},"end":{"line":54,"column":3}},"line":44},"4":{"name":"(anonymous_4)","decl":{"start":{"line":56,"column":17},"end":{"line":56,"column":18}},"loc":{"start":{"line":56,"column":42},"end":{"line":59,"column":3}},"line":56},"5":{"name":"(anonymous_5)","decl":{"start":{"line":61,"column":19},"end":{"line":61,"column":20}},"loc":{"start":{"line":61,"column":44},"end":{"line":64,"column":3}},"line":61},"6":{"name":"(anonymous_6)","decl":{"start":{"line":66,"column":2},"end":{"line":66,"column":3}},"loc":{"start":{"line":66,"column":11},"end":{"line":86,"column":3}},"line":66},"7":{"name":"(anonymous_7)","decl":{"start":{"line":69,"column":95},"end":{"line":69,"column":96}},"loc":{"start":{"line":69,"column":103},"end":{"line":69,"column":136}},"line":69},"8":{"name":"(anonymous_8)","decl":{"start":{"line":70,"column":90},"end":{"line":70,"column":91}},"loc":{"start":{"line":70,"column":96},"end":{"line":70,"column":129}},"line":70},"9":{"name":"(anonymous_9)","decl":{"start":{"line":74,"column":92},"end":{"line":74,"column":93}},"loc":{"start":{"line":74,"column":98},"end":{"line":74,"column":133}},"line":74},"10":{"name":"(anonymous_10)","decl":{"start":{"line":82,"column":58},"end":{"line":82,"column":59}},"loc":{"start":{"line":82,"column":64},"end":{"line":82,"column":83}},"line":82}},"branchMap":{"0":{"loc":{"start":{"line":22,"column":4},"end":{"line":28,"column":5}},"type":"if","locations":[{"start":{"line":22,"column":4},"end":{"line":28,"column":5}},{"start":{"line":22,"column":4},"end":{"line":28,"column":5}}],"line":22},"1":{"loc":{"start":{"line":22,"column":8},"end":{"line":22,"column":71}},"type":"binary-expr","locations":[{"start":{"line":22,"column":8},"end":{"line":22,"column":23}},{"start":{"line":22,"column":27},"end":{"line":22,"column":46}},{"start":{"line":22,"column":50},"end":{"line":22,"column":71}}],"line":22},"2":{"loc":{"start":{"line":45,"column":4},"end":{"line":47,"column":5}},"type":"if","locations":[{"start":{"line":45,"column":4},"end":{"line":47,"column":5}},{"start":{"line":45,"column":4},"end":{"line":47,"column":5}}],"line":45},"3":{"loc":{"start":{"line":48,"column":4},"end":{"line":50,"column":5}},"type":"if","locations":[{"start":{"line":48,"column":4},"end":{"line":50,"column":5}},{"start":{"line":48,"column":4},"end":{"line":50,"column":5}}],"line":48},"4":{"loc":{"start":{"line":51,"column":4},"end":{"line":53,"column":5}},"type":"if","locations":[{"start":{"line":51,"column":4},"end":{"line":53,"column":5}},{"start":{"line":51,"column":4},"end":{"line":53,"column":5}}],"line":51},"5":{"loc":{"start":{"line":57,"column":24},"end":{"line":57,"column":63}},"type":"binary-expr","locations":[{"start":{"line":57,"column":24},"end":{"line":57,"column":36}},{"start":{"line":57,"column":40},"end":{"line":57,"column":63}}],"line":57},"6":{"loc":{"start":{"line":62,"column":24},"end":{"line":62,"column":63}},"type":"binary-expr","locations":[{"start":{"line":62,"column":24},"end":{"line":62,"column":36}},{"start":{"line":62,"column":40},"end":{"line":62,"column":63}}],"line":62},"7":{"loc":{"start":{"line":71,"column":11},"end":{"line":72,"column":106}},"type":"binary-expr","locations":[{"start":{"line":71,"column":11},"end":{"line":71,"column":30}},{"start":{"line":72,"column":12},"end":{"line":72,"column":106}}],"line":71},"8":{"loc":{"start":{"line":75,"column":11},"end":{"line":76,"column":110}},"type":"binary-expr","locations":[{"start":{"line":75,"column":11},"end":{"line":75,"column":32}},{"start":{"line":76,"column":12},"end":{"line":76,"column":110}}],"line":75},"9":{"loc":{"start":{"line":78,"column":9},"end":{"line":79,"column":128}},"type":"binary-expr","locations":[{"start":{"line":78,"column":9},"end":{"line":78,"column":28}},{"start":{"line":79,"column":10},"end":{"line":79,"column":128}}],"line":78},"10":{"loc":{"start":{"line":80,"column":9},"end":{"line":81,"column":132}},"type":"binary-expr","locations":[{"start":{"line":80,"column":9},"end":{"line":80,"column":30}},{"start":{"line":81,"column":10},"end":{"line":81,"column":132}}],"line":80}},"s":{"0":1,"1":1,"2":1,"3":0,"4":0,"5":0,"6":0,"7":0,"8":1,"9":0,"10":1,"11":0,"12":0,"13":0,"14":0,"15":0,"16":0,"17":1,"18":0,"19":0,"20":1,"21":0,"22":0,"23":1,"24":0,"25":0,"26":0,"27":0,"28":1},"f":{"0":1,"1":0,"2":0,"3":0,"4":0,"5":0,"6":1,"7":0,"8":0,"9":0,"10":0},"b":{"0":[0,0],"1":[0,0,0],"2":[0,0],"3":[0,0],"4":[0,0],"5":[0,0],"6":[0,0],"7":[1,0],"8":[1,0],"9":[1,0],"10":[1,0]},"_coverageSchema":"1a1c01bbd47fc00a2c39e90264f33305004495a9","hash":"56d51fd8481de49925d99df6244cb74724a512e5"}
,"/Users/irholladay/turing/4module/FE/components/Checkin.js": {"path":"/Users/irholladay/turing/4module/FE/components/Checkin.js","statementMap":{"0":{"start":{"line":7,"column":4},"end":{"line":7,"column":16}},"1":{"start":{"line":8,"column":4},"end":{"line":10,"column":5}},"2":{"start":{"line":13,"column":18},"end":{"line":17,"column":3}},"3":{"start":{"line":14,"column":16},"end":{"line":14,"column":46}},"4":{"start":{"line":15,"column":18},"end":{"line":15,"column":50}},"5":{"start":{"line":16,"column":4},"end":{"line":16,"column":30}},"6":{"start":{"line":19,"column":18},"end":{"line":22,"column":3}},"7":{"start":{"line":20,"column":18},"end":{"line":20,"column":28}},"8":{"start":{"line":21,"column":4},"end":{"line":21,"column":54}},"9":{"start":{"line":24,"column":16},"end":{"line":37,"column":3}},"10":{"start":{"line":26,"column":14},"end":{"line":26,"column":34}},"11":{"start":{"line":27,"column":16},"end":{"line":27,"column":56}},"12":{"start":{"line":28,"column":14},"end":{"line":28,"column":56}},"13":{"start":{"line":29,"column":4},"end":{"line":29,"column":33}},"14":{"start":{"line":29,"column":21},"end":{"line":29,"column":33}},"15":{"start":{"line":31,"column":4},"end":{"line":36,"column":5}},"16":{"start":{"line":32,"column":6},"end":{"line":32,"column":31}},"17":{"start":{"line":34,"column":6},"end":{"line":34,"column":33}},"18":{"start":{"line":35,"column":6},"end":{"line":35,"column":41}},"19":{"start":{"line":39,"column":16},"end":{"line":47,"column":3}},"20":{"start":{"line":40,"column":4},"end":{"line":46,"column":5}},"21":{"start":{"line":41,"column":6},"end":{"line":41,"column":31}},"22":{"start":{"line":42,"column":6},"end":{"line":42,"column":41}},"23":{"start":{"line":44,"column":6},"end":{"line":44,"column":34}},"24":{"start":{"line":45,"column":6},"end":{"line":45,"column":42}},"25":{"start":{"line":49,"column":15},"end":{"line":67,"column":3}},"26":{"start":{"line":50,"column":4},"end":{"line":66,"column":5}},"27":{"start":{"line":51,"column":6},"end":{"line":54,"column":7}},"28":{"start":{"line":55,"column":11},"end":{"line":66,"column":5}},"29":{"start":{"line":56,"column":6},"end":{"line":59,"column":7}},"30":{"start":{"line":61,"column":6},"end":{"line":61,"column":59}},"31":{"start":{"line":62,"column":8},"end":{"line":65,"column":9}},"32":{"start":{"line":70,"column":4},"end":{"line":76,"column":6}},"33":{"start":{"line":71,"column":150},"end":{"line":71,"column":188}},"34":{"start":{"line":80,"column":18},"end":{"line":97,"column":2}},"35":{"start":{"line":99,"column":21},"end":{"line":112,"column":2}},"36":{"start":{"line":114,"column":21},"end":{"line":127,"column":2}}},"fnMap":{"0":{"name":"(anonymous_0)","decl":{"start":{"line":6,"column":2},"end":{"line":6,"column":3}},"loc":{"start":{"line":6,"column":21},"end":{"line":11,"column":3}},"line":6},"1":{"name":"(anonymous_1)","decl":{"start":{"line":13,"column":18},"end":{"line":13,"column":19}},"loc":{"start":{"line":13,"column":33},"end":{"line":17,"column":3}},"line":13},"2":{"name":"(anonymous_2)","decl":{"start":{"line":19,"column":18},"end":{"line":19,"column":19}},"loc":{"start":{"line":19,"column":24},"end":{"line":22,"column":3}},"line":19},"3":{"name":"(anonymous_3)","decl":{"start":{"line":24,"column":16},"end":{"line":24,"column":17}},"loc":{"start":{"line":24,"column":22},"end":{"line":37,"column":3}},"line":24},"4":{"name":"(anonymous_4)","decl":{"start":{"line":39,"column":16},"end":{"line":39,"column":17}},"loc":{"start":{"line":39,"column":22},"end":{"line":47,"column":3}},"line":39},"5":{"name":"(anonymous_5)","decl":{"start":{"line":49,"column":15},"end":{"line":49,"column":16}},"loc":{"start":{"line":49,"column":21},"end":{"line":67,"column":3}},"line":49},"6":{"name":"(anonymous_6)","decl":{"start":{"line":69,"column":2},"end":{"line":69,"column":3}},"loc":{"start":{"line":69,"column":11},"end":{"line":77,"column":3}},"line":69},"7":{"name":"(anonymous_7)","decl":{"start":{"line":71,"column":144},"end":{"line":71,"column":145}},"loc":{"start":{"line":71,"column":150},"end":{"line":71,"column":188}},"line":71}},"branchMap":{"0":{"loc":{"start":{"line":29,"column":4},"end":{"line":29,"column":33}},"type":"if","locations":[{"start":{"line":29,"column":4},"end":{"line":29,"column":33}},{"start":{"line":29,"column":4},"end":{"line":29,"column":33}}],"line":29},"1":{"loc":{"start":{"line":31,"column":4},"end":{"line":36,"column":5}},"type":"if","locations":[{"start":{"line":31,"column":4},"end":{"line":36,"column":5}},{"start":{"line":31,"column":4},"end":{"line":36,"column":5}}],"line":31},"2":{"loc":{"start":{"line":31,"column":8},"end":{"line":31,"column":36}},"type":"binary-expr","locations":[{"start":{"line":31,"column":9},"end":{"line":31,"column":20}},{"start":{"line":31,"column":26},"end":{"line":31,"column":35}}],"line":31},"3":{"loc":{"start":{"line":40,"column":4},"end":{"line":46,"column":5}},"type":"if","locations":[{"start":{"line":40,"column":4},"end":{"line":46,"column":5}},{"start":{"line":40,"column":4},"end":{"line":46,"column":5}}],"line":40},"4":{"loc":{"start":{"line":50,"column":4},"end":{"line":66,"column":5}},"type":"if","locations":[{"start":{"line":50,"column":4},"end":{"line":66,"column":5}},{"start":{"line":50,"column":4},"end":{"line":66,"column":5}}],"line":50},"5":{"loc":{"start":{"line":55,"column":11},"end":{"line":66,"column":5}},"type":"if","locations":[{"start":{"line":55,"column":11},"end":{"line":66,"column":5}},{"start":{"line":55,"column":11},"end":{"line":66,"column":5}}],"line":55}},"s":{"0":1,"1":1,"2":1,"3":14,"4":14,"5":14,"6":1,"7":7,"8":7,"9":1,"10":7,"11":7,"12":7,"13":7,"14":0,"15":7,"16":0,"17":7,"18":0,"19":1,"20":0,"21":0,"22":0,"23":0,"24":0,"25":1,"26":2,"27":0,"28":2,"29":0,"30":2,"31":2,"32":1,"33":0,"34":2,"35":2,"36":2},"f":{"0":1,"1":14,"2":7,"3":7,"4":0,"5":2,"6":1,"7":0},"b":{"0":[0,7],"1":[0,7],"2":[7,7],"3":[0,0],"4":[0,2],"5":[0,2]},"_coverageSchema":"1a1c01bbd47fc00a2c39e90264f33305004495a9","hash":"de2dfce2de907c36853dc348e251464be45c17cd"}
,"/Users/irholladay/turing/4module/FE/components/LandingPage.js": {"path":"/Users/irholladay/turing/4module/FE/components/LandingPage.js","statementMap":{"0":{"start":{"line":6,"column":20},"end":{"line":29,"column":1}},"1":{"start":{"line":7,"column":2},"end":{"line":28,"column":3}},"2":{"start":{"line":15,"column":101},"end":{"line":15,"column":133}},"3":{"start":{"line":20,"column":99},"end":{"line":20,"column":130}},"4":{"start":{"line":31,"column":15},"end":{"line":81,"column":2}}},"fnMap":{"0":{"name":"(anonymous_0)","decl":{"start":{"line":6,"column":20},"end":{"line":6,"column":21}},"loc":{"start":{"line":6,"column":40},"end":{"line":29,"column":1}},"line":6},"1":{"name":"(anonymous_1)","decl":{"start":{"line":15,"column":95},"end":{"line":15,"column":96}},"loc":{"start":{"line":15,"column":101},"end":{"line":15,"column":133}},"line":15},"2":{"name":"(anonymous_2)","decl":{"start":{"line":20,"column":93},"end":{"line":20,"column":94}},"loc":{"start":{"line":20,"column":99},"end":{"line":20,"column":130}},"line":20}},"branchMap":{},"s":{"0":1,"1":2,"2":1,"3":1,"4":1},"f":{"0":2,"1":1,"2":1},"b":{},"_coverageSchema":"1a1c01bbd47fc00a2c39e90264f33305004495a9","hash":"fcb42d38c6c55b0662bdb2c09334355e931844a2"}
,"/Users/irholladay/turing/4module/FE/components/ListItem.js": {"path":"/Users/irholladay/turing/4module/FE/components/ListItem.js","statementMap":{"0":{"start":{"line":4,"column":17},"end":{"line":12,"column":1}},"1":{"start":{"line":5,"column":2},"end":{"line":11,"column":4}},"2":{"start":{"line":6,"column":61},"end":{"line":6,"column":84}},"3":{"start":{"line":14,"column":15},"end":{"line":27,"column":2}}},"fnMap":{"0":{"name":"(anonymous_0)","decl":{"start":{"line":4,"column":17},"end":{"line":4,"column":18}},"loc":{"start":{"line":4,"column":38},"end":{"line":12,"column":1}},"line":4},"1":{"name":"(anonymous_1)","decl":{"start":{"line":6,"column":55},"end":{"line":6,"column":56}},"loc":{"start":{"line":6,"column":61},"end":{"line":6,"column":84}},"line":6}},"branchMap":{},"s":{"0":1,"1":1,"2":0,"3":1},"f":{"0":1,"1":0},"b":{},"_coverageSchema":"1a1c01bbd47fc00a2c39e90264f33305004495a9","hash":"e8be2588284c067afde9a46d45a40b0087b6af36"}
,"/Users/irholladay/turing/4module/FE/components/Receiver.js": {"path":"/Users/irholladay/turing/4module/FE/components/Receiver.js","statementMap":{"0":{"start":{"line":12,"column":4},"end":{"line":12,"column":12}},"1":{"start":{"line":13,"column":4},"end":{"line":15,"column":5}},"2":{"start":{"line":18,"column":22},"end":{"line":20,"column":3}},"3":{"start":{"line":19,"column":4},"end":{"line":19,"column":28}},"4":{"start":{"line":22,"column":16},"end":{"line":29,"column":3}},"5":{"start":{"line":23,"column":4},"end":{"line":28,"column":5}},"6":{"start":{"line":24,"column":21},"end":{"line":24,"column":46}},"7":{"start":{"line":25,"column":6},"end":{"line":25,"column":55}},"8":{"start":{"line":27,"column":6},"end":{"line":27,"column":33}},"9":{"start":{"line":31,"column":12},"end":{"line":34,"column":3}},"10":{"start":{"line":32,"column":4},"end":{"line":32,"column":29}},"11":{"start":{"line":33,"column":4},"end":{"line":33,"column":22}},"12":{"start":{"line":37,"column":4},"end":{"line":58,"column":5}},"13":{"start":{"line":43,"column":93},"end":{"line":43,"column":131}},"14":{"start":{"line":47,"column":12},"end":{"line":53,"column":19}},"15":{"start":{"line":62,"column":15},"end":{"line":97,"column":2}}},"fnMap":{"0":{"name":"(anonymous_0)","decl":{"start":{"line":11,"column":2},"end":{"line":11,"column":3}},"loc":{"start":{"line":11,"column":16},"end":{"line":16,"column":3}},"line":11},"1":{"name":"(anonymous_1)","decl":{"start":{"line":18,"column":22},"end":{"line":18,"column":23}},"loc":{"start":{"line":18,"column":33},"end":{"line":20,"column":3}},"line":18},"2":{"name":"(anonymous_2)","decl":{"start":{"line":22,"column":16},"end":{"line":22,"column":17}},"loc":{"start":{"line":22,"column":27},"end":{"line":29,"column":3}},"line":22},"3":{"name":"(anonymous_3)","decl":{"start":{"line":31,"column":12},"end":{"line":31,"column":13}},"loc":{"start":{"line":31,"column":25},"end":{"line":34,"column":3}},"line":31},"4":{"name":"(anonymous_4)","decl":{"start":{"line":36,"column":2},"end":{"line":36,"column":3}},"loc":{"start":{"line":36,"column":12},"end":{"line":59,"column":3}},"line":36},"5":{"name":"(anonymous_5)","decl":{"start":{"line":43,"column":87},"end":{"line":43,"column":88}},"loc":{"start":{"line":43,"column":93},"end":{"line":43,"column":131}},"line":43},"6":{"name":"(anonymous_6)","decl":{"start":{"line":46,"column":33},"end":{"line":46,"column":34}},"loc":{"start":{"line":46,"column":43},"end":{"line":54,"column":11}},"line":46}},"branchMap":{},"s":{"0":1,"1":1,"2":1,"3":0,"4":1,"5":0,"6":0,"7":0,"8":0,"9":1,"10":0,"11":0,"12":1,"13":0,"14":0,"15":1},"f":{"0":1,"1":0,"2":0,"3":0,"4":1,"5":0,"6":0},"b":{},"_coverageSchema":"1a1c01bbd47fc00a2c39e90264f33305004495a9","hash":"eabbabad15d572237d08e9c92f0c7b1074f21466"}
,"/Users/irholladay/turing/4module/FE/components/ReceiverTimes.js": {"path":"/Users/irholladay/turing/4module/FE/components/ReceiverTimes.js","statementMap":{"0":{"start":{"line":4,"column":22},"end":{"line":12,"column":1}},"1":{"start":{"line":5,"column":2},"end":{"line":11,"column":4}},"2":{"start":{"line":14,"column":15},"end":{"line":21,"column":2}}},"fnMap":{"0":{"name":"(anonymous_0)","decl":{"start":{"line":4,"column":22},"end":{"line":4,"column":23}},"loc":{"start":{"line":4,"column":34},"end":{"line":12,"column":1}},"line":4}},"branchMap":{},"s":{"0":1,"1":1,"2":1},"f":{"0":1},"b":{},"_coverageSchema":"1a1c01bbd47fc00a2c39e90264f33305004495a9","hash":"581e49ddfb02d55f156835e2897afcf753f37efc"}
,"/Users/irholladay/turing/4module/FE/components/Times.js": {"path":"/Users/irholladay/turing/4module/FE/components/Times.js","statementMap":{"0":{"start":{"line":6,"column":14},"end":{"line":22,"column":1}},"1":{"start":{"line":7,"column":2},"end":{"line":21,"column":4}},"2":{"start":{"line":12,"column":143},"end":{"line":12,"column":163}},"3":{"start":{"line":24,"column":15},"end":{"line":84,"column":2}}},"fnMap":{"0":{"name":"(anonymous_0)","decl":{"start":{"line":6,"column":14},"end":{"line":6,"column":15}},"loc":{"start":{"line":6,"column":39},"end":{"line":22,"column":1}},"line":6},"1":{"name":"(anonymous_1)","decl":{"start":{"line":12,"column":137},"end":{"line":12,"column":138}},"loc":{"start":{"line":12,"column":143},"end":{"line":12,"column":163}},"line":12}},"branchMap":{"0":{"loc":{"start":{"line":14,"column":23},"end":{"line":14,"column":89}},"type":"cond-expr","locations":[{"start":{"line":14,"column":54},"end":{"line":14,"column":69}},{"start":{"line":14,"column":72},"end":{"line":14,"column":89}}],"line":14},"1":{"loc":{"start":{"line":14,"column":142},"end":{"line":14,"column":204}},"type":"cond-expr","locations":[{"start":{"line":14,"column":173},"end":{"line":14,"column":185}},{"start":{"line":14,"column":188},"end":{"line":14,"column":204}}],"line":14}},"s":{"0":1,"1":1,"2":0,"3":1},"f":{"0":1,"1":0},"b":{"0":[1,0],"1":[1,0]},"_coverageSchema":"1a1c01bbd47fc00a2c39e90264f33305004495a9","hash":"446b30365e7a0e82fd1c9f3ed2a235b5cb72fd26"}
,"/Users/irholladay/turing/4module/FE/images/caretaker.jpg": {"path":"/Users/irholladay/turing/4module/FE/images/caretaker.jpg","statementMap":{"0":{"start":{"line":1,"column":0},"end":{"line":4,"column":6}}},"fnMap":{},"branchMap":{},"s":{"0":1},"f":{},"b":{},"inputSourceMap":null,"_coverageSchema":"1a1c01bbd47fc00a2c39e90264f33305004495a9","hash":"bfc63fd5ee9d85daa012dc060d18437e9ab9bf93"}
,"/Users/irholladay/turing/4module/FE/images/receiver.jpg": {"path":"/Users/irholladay/turing/4module/FE/images/receiver.jpg","statementMap":{"0":{"start":{"line":1,"column":0},"end":{"line":4,"column":6}}},"fnMap":{},"branchMap":{},"s":{"0":1},"f":{},"b":{},"inputSourceMap":null,"_coverageSchema":"1a1c01bbd47fc00a2c39e90264f33305004495a9","hash":"33f3d4d4f3cc82859a615242c03023b05a02f33f"}
}
