{"/Users/irholladay/turing/4module/FE/components/LandingPage.js": {"path":"/Users/irholladay/turing/4module/FE/components/LandingPage.js","statementMap":{"0":{"start":{"line":6,"column":20},"end":{"line":25,"column":1}},"1":{"start":{"line":7,"column":2},"end":{"line":24,"column":3}},"2":{"start":{"line":15,"column":72},"end":{"line":15,"column":104}},"3":{"start":{"line":18,"column":71},"end":{"line":18,"column":102}},"4":{"start":{"line":27,"column":15},"end":{"line":73,"column":2}}},"fnMap":{"0":{"name":"(anonymous_0)","decl":{"start":{"line":6,"column":20},"end":{"line":6,"column":21}},"loc":{"start":{"line":6,"column":40},"end":{"line":25,"column":1}},"line":6},"1":{"name":"(anonymous_1)","decl":{"start":{"line":15,"column":66},"end":{"line":15,"column":67}},"loc":{"start":{"line":15,"column":72},"end":{"line":15,"column":104}},"line":15},"2":{"name":"(anonymous_2)","decl":{"start":{"line":18,"column":65},"end":{"line":18,"column":66}},"loc":{"start":{"line":18,"column":71},"end":{"line":18,"column":102}},"line":18}},"branchMap":{},"s":{"0":1,"1":1,"2":0,"3":0,"4":1},"f":{"0":1,"1":0,"2":0},"b":{},"_coverageSchema":"1a1c01bbd47fc00a2c39e90264f33305004495a9","hash":"0b64bf466851fa8c84582b9841ce52b4a89a2fc3"}
}
